<?xml version="1.0" encoding="UTF-8"?>
<testsuite xmlns:xsi="http://www.w3.org/2001/XMLSchema-instance" xsi:noNamespaceSchemaLocation="https://maven.apache.org/surefire/maven-surefire-plugin/xsd/surefire-test-report-3.0.xsd" version="3.0" name="com.excelr.springboot.mainpackage.RunSpringBootAppCommandLineApplicationTests" time="20.48" tests="1" errors="0" skipped="0" failures="0">
  <properties>
[...]
</properties>
  <testcase name="contextLoads" classname="com.excelr.springboot.mainpackage.RunSpringBootAppCommandLineApplicationTests" time="3.304">
    <system-out><![CDATA[12:09:11.457 [main] INFO org.springframework.test.context.support.AnnotationConfigContextLoaderUtils -- Could not detect default configuration classes for test class [com.excelr.springboot.mainpackage.RunSpringBootAppCommandLineApplicationTests]: RunSpringBootAppCommandLineApplicationTests does not declare any static, non-private, non-final, nested classes annotated with @Configuration.
12:09:12.102 [main] INFO org.springframework.boot.test.context.SpringBootTestContextBootstrapper -- Found @SpringBootConfiguration com.excelr.springboot.mainpackage.RunSpringBootAppCommandLineApplication for test class com.excelr.springboot.mainpackage.RunSpringBootAppCommandLineApplicationTests

  .   ____          _            __ _ _
 /\\ / ___'_ __ _ _(_)_ __  __ _ \ \ \ \
( ( )\___ | '_ | '_| | '_ \/ _` | \ \ \ \
 \\/  ___)| |_)| | | | | || (_| |  ) ) ) )
  '  |____| .__|_| |_|_| |_\__, | / / / /
 =========|_|==============|___/=/_/_/_/
 :: Spring Boot ::                (v3.1.3)

2023-08-28T12:09:14.900+05:30  INFO 12896 --- [           main] SpringBootAppCommandLineApplicationTests : Starting RunSpringBootAppCommandLineApplicationTests using Java 17.0.7 with PID 12896 (started by vijay in E:\MegaDrive\ExcelR\ExcelRFullStackMorning\Backend\SpringFramework\01.dev-spring-boot\16-spring-boot-RunSpringBootAppCommandLine)
2023-08-28T12:09:14.938+05:30  INFO 12896 --- [           main] SpringBootAppCommandLineApplicationTests : No active profile set, falling back to 1 default profile: "default"
2023-08-28T12:09:26.666+05:30  WARN 12896 --- [           main] .s.s.UserDetailsServiceAutoConfiguration : 

Using generated security password: 4dbe1a51-517b-42fb-95df-21d19bce8360

This generated password is for development use only. Your security configuration must be updated before running your application in production.

2023-08-28T12:09:27.123+05:30  INFO 12896 --- [           main] o.s.b.a.e.web.EndpointLinksResolver      : Exposing 1 endpoint(s) beneath base path '/actuator'
2023-08-28T12:09:27.168+05:30  INFO 12896 --- [           main] o.s.s.web.DefaultSecurityFilterChain     : Will secure any request with [org.springframework.security.web.session.DisableEncodeUrlFilter@39023dbf, org.springframework.security.web.context.request.async.WebAsyncManagerIntegrationFilter@1a2ac487, org.springframework.security.web.context.SecurityContextHolderFilter@349c4d1c, org.springframework.security.web.header.HeaderWriterFilter@689faf79, org.springframework.web.filter.CorsFilter@570a62a5, org.springframework.security.web.csrf.CsrfFilter@7f27f59b, org.springframework.security.web.authentication.logout.LogoutFilter@62b6c045, org.springframework.security.web.authentication.UsernamePasswordAuthenticationFilter@299b9851, org.springframework.security.web.authentication.ui.DefaultLoginPageGeneratingFilter@251d7fdd, org.springframework.security.web.authentication.ui.DefaultLogoutPageGeneratingFilter@36224f93, org.springframework.security.web.authentication.www.BasicAuthenticationFilter@7e49ded, org.springframework.security.web.savedrequest.RequestCacheAwareFilter@de579ff, org.springframework.security.web.servletapi.SecurityContextHolderAwareRequestFilter@46394f65, org.springframework.security.web.authentication.AnonymousAuthenticationFilter@1ee5632d, org.springframework.security.web.access.ExceptionTranslationFilter@2fd1ad8a, org.springframework.security.web.access.intercept.AuthorizationFilter@75eaba95]
2023-08-28T12:09:27.633+05:30  INFO 12896 --- [           main] SpringBootAppCommandLineApplicationTests : Started RunSpringBootAppCommandLineApplicationTests in 14.571 seconds (process running for 19.481)
]]></system-out>
  </testcase>
</testsuite>